0 info it worked if it ends with ok
1 verbose cli [ '/usr/local/bin/node', '/usr/local/bin/npm', 'publish', '.' ]
2 info using npm@3.3.6
3 info using node@v5.0.0
4 verbose publish [ '.' ]
5 silly cache add args [ '.', null ]
6 verbose cache add spec .
7 silly cache add parsed spec Result {
7 silly cache add   raw: '.',
7 silly cache add   scope: null,
7 silly cache add   name: null,
7 silly cache add   rawSpec: '.',
7 silly cache add   spec: '/Users/stephenkeep/Projects/redconnect-nodes/node-red-contrib-mandrill',
7 silly cache add   type: 'directory' }
8 verbose addLocalDirectory /Users/stephenkeep/.npm/node-red-contrib-mandrill/1.0.2/package.tgz not in flight; packing
9 info lifecycle node-red-contrib-mandrill@1.0.2~prepublish: node-red-contrib-mandrill@1.0.2
10 silly lifecycle node-red-contrib-mandrill@1.0.2~prepublish: no script for prepublish, continuing
11 verbose tar pack [ '/Users/stephenkeep/.npm/node-red-contrib-mandrill/1.0.2/package.tgz',
11 verbose tar pack   '/Users/stephenkeep/Projects/redconnect-nodes/node-red-contrib-mandrill' ]
12 verbose tarball /Users/stephenkeep/.npm/node-red-contrib-mandrill/1.0.2/package.tgz
13 verbose folder /Users/stephenkeep/Projects/redconnect-nodes/node-red-contrib-mandrill
14 verbose addLocalTarball adding from inside cache /Users/stephenkeep/.npm/node-red-contrib-mandrill/1.0.2/package.tgz
15 silly cache afterAdd node-red-contrib-mandrill@1.0.2
16 verbose afterAdd /Users/stephenkeep/.npm/node-red-contrib-mandrill/1.0.2/package/package.json not in flight; writing
17 verbose afterAdd /Users/stephenkeep/.npm/node-red-contrib-mandrill/1.0.2/package/package.json written
18 silly publish { name: 'node-red-contrib-mandrill',
18 silly publish   version: '1.0.2',
18 silly publish   description: 'NodeRED node to send email via the Mandrill Service',
18 silly publish   main: 'index.js',
18 silly publish   scripts:
18 silly publish    { test: 'echo "Error: no test specified" && exit 1',
18 silly publish      predev: 'npm i -g',
18 silly publish      dev: 'node-red -v' },
18 silly publish   author: '',
18 silly publish   keywords: [ 'node-red', 'contrib-json', 'mandrill', 'mailchimp' ],
18 silly publish   license: 'Apache-2.0',
18 silly publish   repository:
18 silly publish    { type: 'git',
18 silly publish      url: 'https://github.com/redconnect-io/node-red-contrib-mandrill' },
18 silly publish   'node-red': { nodes: { 'mandrill-send': 'mandrill-send.js' } },
18 silly publish   dependencies: { 'mandrill-send': '^0.1.0' },
18 silly publish   readme: '# Mandrill for NodeRED\n\nAn simple node that sends and email using Mailchimps [Mandrill](https://mandrillapp.com/).\n\n## Installation\n\n`npm install node-red-contrib-mandrill`\n\n## Quick Start\n\nYou will need valid Mandrill API key.  You can get these [here](https://mandrillapp.com/). \n\n## Implemented Node\n\n * Send Email - [https://mandrillapp.com/api/docs/](https://mandrillapp.com/api/docs/)\n',
18 silly publish   readmeFilename: 'README.md',
18 silly publish   gitHead: '5ab3cea9c2753e07bebbdb7b54cd02f5658304dd',
18 silly publish   bugs: { url: 'https://github.com/redconnect-io/node-red-contrib-mandrill/issues' },
18 silly publish   homepage: 'https://github.com/redconnect-io/node-red-contrib-mandrill',
18 silly publish   _id: 'node-red-contrib-mandrill@1.0.2',
18 silly publish   _shasum: 'aa6ddcd1bd69c16c749f121df7c15671c4e1a319',
18 silly publish   _from: '.' }
19 verbose getPublishConfig undefined
20 silly mapToRegistry name node-red-contrib-mandrill
21 silly mapToRegistry using default registry
22 silly mapToRegistry registry https://registry.npmjs.org/
23 silly mapToRegistry uri https://registry.npmjs.org/node-red-contrib-mandrill
24 verbose publish registryBase https://registry.npmjs.org/
25 silly publish uploading /Users/stephenkeep/.npm/node-red-contrib-mandrill/1.0.2/package.tgz
26 verbose request uri https://registry.npmjs.org/node-red-contrib-mandrill
27 verbose request sending authorization for write operation
28 info attempt registry request try #1 at 4:48:55 PM
29 verbose request using bearer token for auth
30 verbose request id ec26700d0522dd51
31 http request PUT https://registry.npmjs.org/node-red-contrib-mandrill
32 http 403 https://registry.npmjs.org/node-red-contrib-mandrill
33 verbose headers { 'content-type': 'application/json',
33 verbose headers   'cache-control': 'max-age=300',
33 verbose headers   'content-length': '95',
33 verbose headers   'accept-ranges': 'bytes',
33 verbose headers   date: 'Fri, 22 Jan 2016 16:48:56 GMT',
33 verbose headers   via: '1.1 varnish',
33 verbose headers   connection: 'keep-alive',
33 verbose headers   'x-served-by': 'cache-lhr6325-LHR',
33 verbose headers   'x-cache': 'MISS',
33 verbose headers   'x-cache-hits': '0',
33 verbose headers   'x-timer': 'S1453481335.676978,VS0,VE995' }
34 verbose request invalidating /Users/stephenkeep/.npm/registry.npmjs.org/node-red-contrib-mandrill on PUT
35 error publish Failed PUT 403
36 verbose stack Error: "You cannot publish over the previously published version 1.0.2." : node-red-contrib-mandrill
36 verbose stack     at makeError (/usr/local/lib/node_modules/npm/node_modules/npm-registry-client/lib/request.js:264:12)
36 verbose stack     at CachingRegistryClient.<anonymous> (/usr/local/lib/node_modules/npm/node_modules/npm-registry-client/lib/request.js:252:14)
36 verbose stack     at Request._callback (/usr/local/lib/node_modules/npm/node_modules/npm-registry-client/lib/request.js:172:14)
36 verbose stack     at Request.self.callback (/usr/local/lib/node_modules/npm/node_modules/request/request.js:198:22)
36 verbose stack     at emitTwo (events.js:87:13)
36 verbose stack     at Request.emit (events.js:172:7)
36 verbose stack     at Request.<anonymous> (/usr/local/lib/node_modules/npm/node_modules/request/request.js:1063:14)
36 verbose stack     at emitOne (events.js:82:20)
36 verbose stack     at Request.emit (events.js:169:7)
36 verbose stack     at IncomingMessage.<anonymous> (/usr/local/lib/node_modules/npm/node_modules/request/request.js:1009:12)
37 verbose statusCode 403
38 verbose pkgid node-red-contrib-mandrill
39 verbose cwd /Users/stephenkeep/Projects/redconnect-nodes/node-red-contrib-mandrill
40 error Darwin 14.5.0
41 error argv "/usr/local/bin/node" "/usr/local/bin/npm" "publish" "."
42 error node v5.0.0
43 error npm  v3.3.6
44 error code E403
45 error "You cannot publish over the previously published version 1.0.2." : node-red-contrib-mandrill
46 error If you need help, you may report this error at:
46 error     <https://github.com/npm/npm/issues>
47 verbose exit [ 1, true ]
